<?xml version="1.0" encoding="UTF-8"?>
<testng-results ignored="0" total="4" passed="4" failed="0" skipped="0">
  <reporter-output>
  </reporter-output>
  <suite started-at="2023-01-24T00:20:50 IST" name="Default suite" finished-at="2023-01-24T00:20:56 IST" duration-ms="5726">
    <groups>
    </groups>
    <test started-at="2023-01-24T00:20:50 IST" name="Default test" finished-at="2023-01-24T00:20:56 IST" duration-ms="5726">
      <class name="Testng.test">
        <test-method signature="broswer_launch()[pri:1, instance:Testng.test@17497425]" started-at="2023-01-24T00:20:50 IST" name="broswer_launch" finished-at="2023-01-24T00:20:53 IST" duration-ms="2111" status="PASS">
          <reporter-output>
          </reporter-output>
        </test-method> <!-- broswer_launch -->
        <test-method signature="geturl()[pri:2, instance:Testng.test@17497425]" started-at="2023-01-24T00:20:53 IST" name="geturl" finished-at="2023-01-24T00:20:56 IST" duration-ms="3405" status="PASS">
          <reporter-output>
          </reporter-output>
        </test-method> <!-- geturl -->
        <test-method signature="password()[pri:4, instance:Testng.test@17497425]" started-at="2023-01-24T00:20:56 IST" name="password" finished-at="2023-01-24T00:20:56 IST" duration-ms="88" status="PASS">
          <reporter-output>
          </reporter-output>
        </test-method> <!-- password -->
        <test-method signature="click()[pri:5, instance:Testng.test@17497425]" started-at="2023-01-24T00:20:56 IST" name="click" finished-at="2023-01-24T00:20:56 IST" duration-ms="62" status="PASS">
          <reporter-output>
          </reporter-output>
        </test-method> <!-- click -->
      </class> <!-- Testng.test -->
    </test> <!-- Default test -->
  </suite> <!-- Default suite -->
</testng-results>
